<?xml version="1.0" encoding="UTF-8" ?>
<testsuite errors="0" failures="0" hostname="Gateway-PC" name="acceptance.FileAndZipUploadTest" tests="2" time="1.785" timestamp="2012-09-03T17:23:25">
  <properties>
    <property name="java.vendor" value="Sun Microsystems Inc." />
    <property name="sun.java.launcher" value="SUN_STANDARD" />
    <property name="sun.management.compiler" value="HotSpot Client Compiler" />
    <property name="lib" value="D:\fileserver\lib" />
    <property name="os.name" value="Windows Vista" />
    <property name="sun.boot.class.path" value="C:\Program Files (x86)\Java\jdk1.6.0_26\jre\lib\resources.jar;C:\Program Files (x86)\Java\jdk1.6.0_26\jre\lib\rt.jar;C:\Program Files (x86)\Java\jdk1.6.0_26\jre\lib\sunrsasign.jar;C:\Program Files (x86)\Java\jdk1.6.0_26\jre\lib\jsse.jar;C:\Program Files (x86)\Java\jdk1.6.0_26\jre\lib\jce.jar;C:\Program Files (x86)\Java\jdk1.6.0_26\jre\lib\charsets.jar;C:\Program Files (x86)\Java\jdk1.6.0_26\jre\lib\modules\jdk.boot.jar;C:\Program Files (x86)\Java\jdk1.6.0_26\jre\classes" />
    <property name="TODAY" value="September 3 2012" />
    <property name="sun.desktop" value="windows" />
    <property name="java.vm.specification.vendor" value="Sun Microsystems Inc." />
    <property name="ant.home" value="D:\hibernate project\apache-ant-1.8.1" />
    <property name="java.runtime.version" value="1.6.0_26-b03" />
    <property name="user.name" value="Gateway" />
    <property name="user.language" value="en" />
    <property name="build" value="D:\fileserver\build" />
    <property name="sun.boot.library.path" value="C:\Program Files (x86)\Java\jdk1.6.0_26\jre\bin" />
    <property name="ant.file.type.testrun" value="file" />
    <property name="ant.project.default-target" value="test" />
    <property name="ant.project.name" value="testrun" />
    <property name="DSTAMP" value="20120903" />
    <property name="java.version" value="1.6.0_26" />
    <property name="user.timezone" value="" />
    <property name="sun.arch.data.model" value="32" />
    <property name="java.endorsed.dirs" value="C:\Program Files (x86)\Java\jdk1.6.0_26\jre\lib\endorsed" />
    <property name="sun.cpu.isalist" value="pentium_pro+mmx pentium_pro pentium+mmx pentium i486 i386 i86" />
    <property name="sun.jnu.encoding" value="Cp1252" />
    <property name="file.encoding.pkg" value="sun.io" />
    <property name="file.separator" value="\" />
    <property name="java.specification.name" value="Java Platform API Specification" />
    <property name="java.class.version" value="50.0" />
    <property name="user.country" value="US" />
    <property name="java.home" value="C:\Program Files (x86)\Java\jdk1.6.0_26\jre" />
    <property name="java.vm.info" value="mixed mode, sharing" />
    <property name="ant.file" value="D:\fileserver\build.xml" />
    <property name="os.version" value="6.0" />
    <property name="path.separator" value=";" />
    <property name="java.vm.version" value="20.1-b02" />
    <property name="user.variant" value="" />
    <property name="ant.library.dir" value="D:\hibernate project\apache-ant-1.8.1\lib" />
    <property name="java.awt.printerjob" value="sun.awt.windows.WPrinterJob" />
    <property name="sun.io.unicode.encoding" value="UnicodeLittle" />
    <property name="awt.toolkit" value="sun.awt.windows.WToolkit" />
    <property name="user.home" value="C:\Users\Gateway" />
    <property name="java.specification.vendor" value="Sun Microsystems Inc." />
    <property name="ant.file.testrun" value="D:\fileserver\build.xml" />
    <property name="java.library.path" value="C:\Program Files (x86)\Java\jdk1.6.0_26\jre\bin;C:\Windows\Sun\Java\bin;C:\Windows\system32;C:\Windows;C:\Perl\site\bin;C:\Perl\bin;C:\Program Files (x86)\PC Connectivity Solution\;C:\Windows\system32;C:\Windows;C:\Windows\System32\Wbem;C:\Program Files (x86)\Common Files\Roxio Shared\9.0\DLLShared\;c:\matlab6p1\bin\win32;C:\Program Files (x86)\QuickTime\QTSystem\;C:\Program Files (x86)\Java\jdk1.6.0_26\bin;D:\hibernate project\apache-ant-1.8.1\bin;C:\Program Files (x86)\MySQL\MySQL Server 5.0\bin;C:\Windows\System32\WindowsPowerShell\v1.0\;C:\Program Files (x86)\clisp-2.49;C:\apache-maven-2.2.1\bin;C:\axis-1_4\lib\axis.jar;C:\axis-1_4\lib\commons-discovery-0.2.jar;C:\axis-1_4\lib\commons-logging-1.0.4.jar;C:\axis-1_4\lib\jaxrpc.jar;C:\axis-1_4\lib\saaj.jar;C:\axis-1_4\lib\log4j-1.2.8.jar;C:\axis-1_4\lib\wsdl4j.jar;;C:\Program Files (x86)\Microsoft SQL Server\100\Tools\Binn\;C:\Program Files\Microsoft SQL Server\100\Tools\Binn\;C:\Program Files\Microsoft SQL Server\100\DTS\Binn\;C:\Program Files (x86)\Microsoft SQL Server\100\Tools\Binn\VSShell\Common7\IDE\;C:\Program Files (x86)\Microsoft SQL Server\100\DTS\Binn\;D:\install\groovy-1.8.3\bin;D:\install\grails-1.3.7\bin;C:\Program Files\TortoiseSVN\bin;." />
    <property name="java.vendor.url" value="http://java.sun.com/" />
    <property name="java.vm.vendor" value="Sun Microsystems Inc." />
    <property name="java.runtime.name" value="Java(TM) SE Runtime Environment" />
    <property name="sun.java.command" value="org.apache.tools.ant.taskdefs.optional.junit.JUnitTestRunner acceptance.FileAndZipUploadTest filtertrace=true haltOnError=false haltOnFailure=true formatter=org.apache.tools.ant.taskdefs.optional.junit.SummaryJUnitResultFormatter showoutput=false outputtoformatters=true logfailedtests=true logtestlistenerevents=true formatter=org.apache.tools.ant.taskdefs.optional.junit.XMLJUnitResultFormatter,D:\fileserver\build\TEST-acceptance.FileAndZipUploadTest.xml crashfile=D:\fileserver\junitvmwatcher8060776065713606013.properties propsfile=D:\fileserver\junit2714126118356979984.properties" />
    <property name="java.class.path" value="D:\fileserver\lib\commons-fileupload-1.2.2.jar;D:\fileserver\lib\commons-io-1.3.jar;D:\fileserver\lib\htmlunit\commons-codec-1.6.jar;D:\fileserver\lib\htmlunit\commons-collections-3.2.1.jar;D:\fileserver\lib\htmlunit\commons-io-2.2.jar;D:\fileserver\lib\htmlunit\commons-lang3-3.1.jar;D:\fileserver\lib\htmlunit\commons-logging-1.1.1.jar;D:\fileserver\lib\htmlunit\cssparser-0.9.7.jar;D:\fileserver\lib\htmlunit\htmlunit-2.10.jar;D:\fileserver\lib\htmlunit\htmlunit-core-js-2.10.jar;D:\fileserver\lib\htmlunit\httpclient-4.2.1.jar;D:\fileserver\lib\htmlunit\httpcore-4.2.1.jar;D:\fileserver\lib\htmlunit\httpmime-4.2.1.jar;D:\fileserver\lib\htmlunit\nekohtml-1.9.16.jar;D:\fileserver\lib\htmlunit\sac-1.3.jar;D:\fileserver\lib\htmlunit\serializer-2.7.1.jar;D:\fileserver\lib\htmlunit\xalan-2.7.1.jar;D:\fileserver\lib\htmlunit\xercesImpl-2.9.1.jar;D:\fileserver\lib\htmlunit\xml-apis-1.3.04.jar;D:\fileserver\lib\junit-4.10.jar;D:\fileserver\build;D:\fileserver;D:\hibernate project\apache-ant-1.8.1\lib\ant-launcher.jar;D:\hibernate project\apache-ant-1.8.1\lib\ant.jar;D:\hibernate project\apache-ant-1.8.1\lib\ant-junit.jar" />
    <property name="ant.version" value="Apache Ant version 1.8.1 compiled on April 30 2010" />
    <property name="TSTAMP" value="2023" />
    <property name="java.vm.specification.name" value="Java Virtual Machine Specification" />
    <property name="ant.file.type" value="file" />
    <property name="java.vm.specification.version" value="1.0" />
    <property name="sun.cpu.endian" value="little" />
    <property name="sun.os.patch.level" value="Service Pack 1" />
    <property name="src.test" value="D:\fileserver\test" />
    <property name="java.io.tmpdir" value="C:\Users\Gateway\AppData\Local\Temp\" />
    <property name="java.vendor.url.bug" value="http://java.sun.com/cgi-bin/bugreport.cgi" />
    <property name="os.arch" value="x86" />
    <property name="java.awt.graphicsenv" value="sun.awt.Win32GraphicsEnvironment" />
    <property name="java.ext.dirs" value="C:\Program Files (x86)\Java\jdk1.6.0_26\jre\lib\ext;C:\Windows\Sun\Java\lib\ext" />
    <property name="user.dir" value="D:\fileserver" />
    <property name="line.separator" value="
" />
    <property name="java.vm.name" value="Java HotSpot(TM) Client VM" />
    <property name="basedir" value="D:\fileserver" />
    <property name="ant.java.version" value="1.6" />
    <property name="ant.core.lib" value="D:\hibernate project\apache-ant-1.8.1\lib\ant.jar" />
    <property name="file.encoding" value="Cp1252" />
    <property name="java.specification.version" value="1.6" />
    <property name="ant.project.invoked-targets" value="test" />
  </properties>
  <testcase classname="acceptance.FileAndZipUploadTest" name="testFileUploadAndFileDelete" time="1.444" />
  <testcase classname="acceptance.FileAndZipUploadTest" name="testZipUploadAndFolderDelete" time="0.116" />
  <system-out><![CDATA[]]></system-out>
  <system-err><![CDATA[]]></system-err>
</testsuite>
